<?xml version="1.0" encoding="UTF-8"?>
<!-- Generated by org.testng.reporters.JUnitReportReporter -->
<testsuite hostname="Prakash" failures="0" tests="1" name="demoqa.demoqa.forms" time="20.151" errors="0" timestamp="11 Jun 2020 04:15:39 GMT" skipped="0">
  <testcase classname="demoqa.demoqa.forms" name="conditions" time="20.151"/>
</testsuite> <!-- demoqa.demoqa.forms -->
