<?xml version="1.0" encoding="UTF-8"?>
<!-- Generated by org.testng.reporters.JUnitReportReporter -->
<testsuite hostname="Prakash" failures="0" tests="2" name="demoqa.demoqa.test" time="51.321" errors="0" timestamp="11 Jun 2020 04:15:39 GMT" skipped="0">
  <testcase classname="demoqa.demoqa.test" name="conditions" time="33.681"/>
  <testcase classname="demoqa.demoqa.test" name="conditions2" time="17.640"/>
</testsuite> <!-- demoqa.demoqa.test -->
